<?xml version="1.0" encoding="UTF-8"?>
<testng-results ignored="0" total="2" passed="2" failed="0" skipped="0">
  <reporter-output>
  </reporter-output>
  <suite started-at="2025-05-04T21:28:39 IST" name="Default suite" finished-at="2025-05-04T21:28:40 IST" duration-ms="1274">
    <groups>
    </groups>
    <test started-at="2025-05-04T21:28:39 IST" name="Default test" finished-at="2025-05-04T21:28:40 IST" duration-ms="1274">
      <class name="ResrAssured.API.Day2">
        <test-method signature="testPostUsingExternalJsonFile()[pri:1, instance:ResrAssured.API.Day2@fba92d3]" started-at="2025-05-04T21:28:39 IST" name="testPostUsingExternalJsonFile" finished-at="2025-05-04T21:28:40 IST" duration-ms="1230" status="PASS">
          <reporter-output>
          </reporter-output>
        </test-method> <!-- testPostUsingExternalJsonFile -->
        <test-method signature="testDelete()[pri:2, instance:ResrAssured.API.Day2@fba92d3]" started-at="2025-05-04T21:28:40 IST" name="testDelete" finished-at="2025-05-04T21:28:40 IST" duration-ms="21" status="PASS">
          <reporter-output>
          </reporter-output>
        </test-method> <!-- testDelete -->
      </class> <!-- ResrAssured.API.Day2 -->
    </test> <!-- Default test -->
  </suite> <!-- Default suite -->
</testng-results>
